0 info it worked if it ends with ok
1 verbose cli [ 'node',
1 verbose cli   '/usr/local/bin/npm',
1 verbose cli   'install',
1 verbose cli   '--save',
1 verbose cli   'express@4.10.12' ]
2 info using npm@1.4.28
3 info using node@v0.10.35
4 warn package.json socket-chat-example@0.0.1 No repository field.
5 warn package.json socket-chat-example@0.0.1 No README data
6 verbose readDependencies using package.json deps
7 verbose cache add [ 'express@4.10.12', null ]
8 verbose cache add name=undefined spec="express@4.10.12" args=["express@4.10.12",null]
9 verbose parsed url { protocol: null,
9 verbose parsed url   slashes: null,
9 verbose parsed url   auth: null,
9 verbose parsed url   host: null,
9 verbose parsed url   port: null,
9 verbose parsed url   hostname: null,
9 verbose parsed url   hash: null,
9 verbose parsed url   search: null,
9 verbose parsed url   query: null,
9 verbose parsed url   pathname: 'express@4.10.12',
9 verbose parsed url   path: 'express@4.10.12',
9 verbose parsed url   href: 'express@4.10.12' }
10 verbose cache add name="express" spec="4.10.12" args=["express","4.10.12"]
11 verbose parsed url { protocol: null,
11 verbose parsed url   slashes: null,
11 verbose parsed url   auth: null,
11 verbose parsed url   host: null,
11 verbose parsed url   port: null,
11 verbose parsed url   hostname: null,
11 verbose parsed url   hash: null,
11 verbose parsed url   search: null,
11 verbose parsed url   query: null,
11 verbose parsed url   pathname: '4.10.12',
11 verbose parsed url   path: '4.10.12',
11 verbose parsed url   href: '4.10.12' }
12 verbose addNamed [ 'express', '4.10.12' ]
13 verbose addNamed [ '4.10.12', '4.10.12' ]
14 silly lockFile a05fb397-express-4-10-12 express@4.10.12
15 verbose lock express@4.10.12 /Users/dordetoledo/.npm/a05fb397-express-4-10-12.lock
16 verbose request where is /express
17 verbose request registry https://registry.npmjs.org/
18 verbose request id ad8a07114d2a4ed6
19 verbose url raw /express
20 verbose url resolving [ 'https://registry.npmjs.org/', './express' ]
21 verbose url resolved https://registry.npmjs.org/express
22 verbose request where is https://registry.npmjs.org/express
23 info trying registry request attempt 1 at 20:53:40
24 verbose etag "1FOC043YDGHUW9EN9I4H0IK41"
25 http GET https://registry.npmjs.org/express
26 http 304 https://registry.npmjs.org/express
27 silly registry.get cb [ 304,
27 silly registry.get   { date: 'Sun, 25 Jan 2015 04:55:50 GMT',
27 silly registry.get     server: 'Apache',
27 silly registry.get     via: '1.1 varnish',
27 silly registry.get     'last-modified': 'Sun, 25 Jan 2015 04:55:20 GMT',
27 silly registry.get     'cache-control': 'max-age=60',
27 silly registry.get     etag: '"1FOC043YDGHUW9EN9I4H0IK41"',
27 silly registry.get     age: '29',
27 silly registry.get     'x-served-by': 'cache-lax1421-LAX',
27 silly registry.get     'x-cache': 'HIT',
27 silly registry.get     'x-cache-hits': '2',
27 silly registry.get     'x-timer': 'S1422161750.002174,VS0,VE0',
27 silly registry.get     vary: 'Accept',
27 silly registry.get     'content-length': '0',
27 silly registry.get     'keep-alive': 'timeout=10, max=50',
27 silly registry.get     connection: 'Keep-Alive' } ]
28 verbose etag https://registry.npmjs.org/express from cache
29 silly lockFile a05fb397-express-4-10-12 express@4.10.12
30 silly lockFile a05fb397-express-4-10-12 express@4.10.12
31 error Error: version not found: express@4.10.12
31 error     at /usr/local/lib/node_modules/npm/lib/cache/add-named.js:125:12
31 error     at saved (/usr/local/lib/node_modules/npm/node_modules/npm-registry-client/lib/get.js:167:7)
31 error     at Object.oncomplete (fs.js:108:15)
32 error If you need help, you may report this *entire* log,
32 error including the npm and node versions, at:
32 error     <http://github.com/npm/npm/issues>
33 error System Darwin 13.4.0
34 error command "node" "/usr/local/bin/npm" "install" "--save" "express@4.10.12"
35 error cwd /Users/dordetoledo/Documents/myChat
36 error node -v v0.10.35
37 error npm -v 1.4.28
38 verbose exit [ 1, true ]
